<?xml version="1.0" encoding="UTF-8"?>
<!-- Generated by org.testng.reporters.JUnitXMLReporter -->
<testsuite ignored="3" hostname="idea-PC" failures="2" tests="11" name="Test-Runner-2" time="260.146" errors="0" timestamp="2022-06-06T13:01:40 IST">
  <testcase classname="com.crm.comcast.GenericUtility.BaseAnnotaionConfigClass" name="@AfterMethod logOutOfApplication" time="20.762">
    <failure type="org.openqa.selenium.TimeoutException" message="Expected condition failed: waiting for visibility of [[ChromeDriver: chrome on WINDOWS (9dc023e7e62737bb0aa91c008039476c)] -&amp;gt; xpath: //a[.=&amp;apos;Sign Out&amp;apos;]] (tried for 20 second(s) with 500 milliseconds interval)
Build info: version: &amp;apos;3.141.59&amp;apos;, revision: &amp;apos;e82be7d358&amp;apos;, time: &amp;apos;2018-11-14T08:17:03&amp;apos;
System info: host: &amp;apos;IDEA-PC&amp;apos;, ip: &amp;apos;192.168.43.101&amp;apos;, os.name: &amp;apos;Windows 8&amp;apos;, os.arch: &amp;apos;amd64&amp;apos;, os.version: &amp;apos;6.2&amp;apos;, java.version: &amp;apos;17.0.2&amp;apos;
Driver info: org.openqa.selenium.chrome.ChromeDriver
Capabilities {acceptInsecureCerts: false, browserName: chrome, browserVersion: 102.0.5005.63, chrome: {chromedriverVersion: 102.0.5005.61 (0e59bcc00cc4..., userDataDir: C:\Users\BHASKA~1\AppData\L...}, goog:chromeOptions: {debuggerAddress: localhost:58995}, javascriptEnabled: true, networkConnectionEnabled: false, pageLoadStrategy: normal, platform: WINDOWS, platformName: WINDOWS, proxy: Proxy(), setWindowRect: true, strictFileInteractability: false, timeouts: {implicit: 0, pageLoad: 300000, script: 30000}, unhandledPromptBehavior: dismiss and notify, webauthn:extension:credBlob: true, webauthn:extension:largeBlob: true, webauthn:virtualAuthenticators: true}
Session ID: 9dc023e7e62737bb0aa91c008039476c">
      <![CDATA[org.openqa.selenium.TimeoutException: Expected condition failed: waiting for visibility of [[ChromeDriver: chrome on WINDOWS (9dc023e7e62737bb0aa91c008039476c)] -> xpath: //a[.='Sign Out']] (tried for 20 second(s) with 500 milliseconds interval)
Build info: version: '3.141.59', revision: 'e82be7d358', time: '2018-11-14T08:17:03'
System info: host: 'IDEA-PC', ip: '192.168.43.101', os.name: 'Windows 8', os.arch: 'amd64', os.version: '6.2', java.version: '17.0.2'
Driver info: org.openqa.selenium.chrome.ChromeDriver
Capabilities {acceptInsecureCerts: false, browserName: chrome, browserVersion: 102.0.5005.63, chrome: {chromedriverVersion: 102.0.5005.61 (0e59bcc00cc4..., userDataDir: C:\Users\BHASKA~1\AppData\L...}, goog:chromeOptions: {debuggerAddress: localhost:58995}, javascriptEnabled: true, networkConnectionEnabled: false, pageLoadStrategy: normal, platform: WINDOWS, platformName: WINDOWS, proxy: Proxy(), setWindowRect: true, strictFileInteractability: false, timeouts: {implicit: 0, pageLoad: 300000, script: 30000}, unhandledPromptBehavior: dismiss and notify, webauthn:extension:credBlob: true, webauthn:extension:largeBlob: true, webauthn:virtualAuthenticators: true}
Session ID: 9dc023e7e62737bb0aa91c008039476c
at org.openqa.selenium.support.ui.WebDriverWait.timeoutException(WebDriverWait.java:95)
at org.openqa.selenium.support.ui.FluentWait.until(FluentWait.java:272)
at com.crm.comcast.GenericUtility.WebDriverUtility.explicitlyWaitForElement(WebDriverUtility.java:50)
at com.crm.comcast.Pom_Repo.HomePage.signout(HomePage.java:130)
at com.crm.comcast.GenericUtility.BaseAnnotaionConfigClass.logOutOfApplication(BaseAnnotaionConfigClass.java:108)
at java.base/java.util.ArrayList.forEach(ArrayList.java:1511)
... Removed 31 stack frames]]>
    </failure>
  </testcase> <!-- @AfterMethod logOutOfApplication -->
  <testcase classname="com.crm.comcast.GenericUtility.BaseAnnotaionConfigClass" name="@BeforeMethod logOInToApplication" time="-1.654500700898E9">
    <skipped/>
  </testcase> <!-- @BeforeMethod logOInToApplication -->
  <testcase classname="com.crm.comcast.GenericUtility.BaseAnnotaionConfigClass" name="@AfterMethod logOutOfApplication" time="-1.654500700904E9">
    <skipped/>
  </testcase> <!-- @AfterMethod logOutOfApplication -->
  <testcase classname="com.crm.comcast.GenericUtility.BaseAnnotaionConfigClass" name="@BeforeMethod logOInToApplication" time="-1.654500700906E9">
    <skipped/>
  </testcase> <!-- @BeforeMethod logOInToApplication -->
  <testcase classname="com.crm.comcast.GenericUtility.BaseAnnotaionConfigClass" name="@AfterMethod logOutOfApplication" time="-1.654500700911E9">
    <skipped/>
  </testcase> <!-- @AfterMethod logOutOfApplication -->
  <testcase classname="com.crm.comcast.GenericUtility.BaseAnnotaionConfigClass" name="@BeforeMethod logOInToApplication" time="-1.654500700913E9">
    <skipped/>
  </testcase> <!-- @BeforeMethod logOInToApplication -->
  <testcase classname="com.crm.comcast.GenericUtility.BaseAnnotaionConfigClass" name="@AfterMethod logOutOfApplication" time="-1.654500700917E9">
    <skipped/>
  </testcase> <!-- @AfterMethod logOutOfApplication -->
  <testcase classname="com.crm.comcast.GenericUtility.BaseAnnotaionConfigClass" name="@AfterClass closeApplicationWindow" time="-1.65450070092E9">
    <skipped/>
  </testcase> <!-- @AfterClass closeApplicationWindow -->
  <testcase classname="com.crm.comcast.CampaignsTest.Test.CreatingCampaignTest" name="createCampainTest" time="22.824">
    <failure type="java.lang.AssertionError" message=" is not created and verification --&amp;gt;fail expected [TestYantra Hackathon Campaign9232] but found [[ CAM67 ] TestYantra Hackathon Campaign9232 - Campaign Information]">
      <![CDATA[java.lang.AssertionError:  is not created and verification -->fail expected [TestYantra Hackathon Campaign9232] but found [[ CAM67 ] TestYantra Hackathon Campaign9232 - Campaign Information]
at com.crm.comcast.CampaignsTest.Test.CreatingCampaignTest.createCampainTest(CreatingCampaignTest.java:51)
at java.base/java.util.ArrayList.forEach(ArrayList.java:1511)
... Removed 32 stack frames]]>
    </failure>
  </testcase> <!-- createCampainTest -->
  <testcase classname="com.crm.comcast.CampaignsTest.Test.CreatingCampaignTest" name="createCampainWithProductTest" time="29.316">
    <skipped/>
  </testcase> <!-- createCampainWithProductTest -->
  <testcase classname="com.crm.comcast.CampaignsTest.Test.CreatingCampaignTest" name="createCampainWithProductTest" time="21.427">
    <skipped/>
  </testcase> <!-- createCampainWithProductTest -->
  <testcase classname="com.crm.comcast.CampaignsTest.Test.CreatingCampaignTest" name="createCampainWithProductTest" time="21.029">
    <skipped/>
  </testcase> <!-- createCampainWithProductTest -->
  <testcase classname="com.crm.comcast.CampaignsTest.Test.CreatingCampaignTest" name="createCampainWithProductTest" time="21.128">
    <skipped/>
  </testcase> <!-- createCampainWithProductTest -->
  <testcase classname="com.crm.comcast.CampaignsTest.Test.CreatingCampaignTest" name="createCampainWithProductTest" time="20.692">
    <failure type="java.lang.AssertionError" message="BHEESHMA T 90 TANK6176 expected:&amp;lt;BHEESHMA T 90 TANK6176&amp;gt; but was:&amp;lt;Selected product is not verified ++.FAIL&amp;gt;">
      <![CDATA[java.lang.AssertionError: BHEESHMA T 90 TANK6176 expected:<BHEESHMA T 90 TANK6176> but was:<Selected product is not verified ++.FAIL>
at com.crm.comcast.CampaignsTest.Test.CreatingCampaignTest.createCampainWithProductTest(CreatingCampaignTest.java:101)
at java.base/java.util.ArrayList.forEach(ArrayList.java:1511)
... Removed 28 stack frames]]>
    </failure>
  </testcase> <!-- createCampainWithProductTest -->
  <testcase classname="com.crm.comcast.ContactTest.test.CreatingContactTest" name="contactEditTest" time="20.79"/>
  <testcase classname="com.crm.comcast.ContactTest.test.CreatingContactTest" name="crateContactAndDeleteSameContactTest" time="17.984"/>
  <testcase classname="com.crm.comcast.ContactTest.test.CreatingContactTest" name="crateContactWithoutMandatoryFieldTest" time="0.0">
    <skipped/>
  </testcase> <!-- crateContactWithoutMandatoryFieldTest -->
  <testcase classname="com.crm.comcast.ContactTest.test.CreatingContactTest" name="createContactInSupportGroupTest" time="0.0">
    <skipped/>
  </testcase> <!-- createContactInSupportGroupTest -->
  <testcase classname="com.crm.comcast.ContactTest.test.CreatingContactTest" name="deleteContactTest" time="0.0">
    <skipped/>
  </testcase> <!-- deleteContactTest -->
  <testcase classname="com.crm.comcast.GenericUtility.BaseAnnotaionConfigClass" name="@AfterSuite closeDataBaseConnection" time="0.0">
    <ignored/>
  </testcase> <!-- @AfterSuite closeDataBaseConnection -->
  <testcase classname="com.crm.comcast.GenericUtility.BaseAnnotaionConfigClass" name="@BeforeSuite openDataBaseConnection" time="0.0">
    <ignored/>
  </testcase> <!-- @BeforeSuite openDataBaseConnection -->
  <testcase classname="com.crm.comcast.GenericUtility.BaseAnnotaionConfigClass" name="@AfterTest closeBrowser" time="0.0">
    <ignored/>
  </testcase> <!-- @AfterTest closeBrowser -->
</testsuite> <!-- Test-Runner-2 -->
