<?xml version="1.0" encoding="UTF-8"?>
<!-- Generated by org.testng.reporters.JUnitReportReporter -->
<testsuite hostname="idea-PC" failures="0" tests="6" name="com.crm.comcast.ContactTest.test.CreatingContactTest" time="71.226" errors="1" timestamp="2022-06-06T13:01:40 IST" skipped="3">
  <testcase classname="com.crm.comcast.ContactTest.test.CreatingContactTest" name="crateContactWithoutMandatoryFieldTest" time="8.512">
    <skipped/>
  </testcase> <!-- crateContactWithoutMandatoryFieldTest -->
  <system-out/>
  <testcase classname="com.crm.comcast.ContactTest.test.CreatingContactTest" name="crateContactAndDeleteSameContactTest" time="21.162"/>
  <system-out/>
  <testcase classname="com.crm.comcast.ContactTest.test.CreatingContactTest" name="logOutOfApplication" time="20.762">
    <error message="Expected condition failed: waiting for visibility of [[ChromeDriver: chrome on WINDOWS (9dc023e7e62737bb0aa91c008039476c)] -&gt; xpath: //a[.=&#039;Sign Out&#039;]] (tried for 20 second(s) with 500 milliseconds interval)
Build info: version: &#039;3.141.59&#039;, revision: &#039;e82be7d358&#039;, time: &#039;2018-11-14T08:17:03&#039;
System info: host: &#039;IDEA-PC&#039;, ip: &#039;192.168.43.101&#039;, os.name: &#039;Windows 8&#039;, os.arch: &#039;amd64&#039;, os.version: &#039;6.2&#039;, java.version: &#039;17.0.2&#039;
Driver info: org.openqa.selenium.chrome.ChromeDriver
Capabilities {acceptInsecureCerts: false, browserName: chrome, browserVersion: 102.0.5005.63, chrome: {chromedriverVersion: 102.0.5005.61 (0e59bcc00cc4..., userDataDir: C:\Users\BHASKA~1\AppData\L...}, goog:chromeOptions: {debuggerAddress: localhost:58995}, javascriptEnabled: true, networkConnectionEnabled: false, pageLoadStrategy: normal, platform: WINDOWS, platformName: WINDOWS, proxy: Proxy(), setWindowRect: true, strictFileInteractability: false, timeouts: {implicit: 0, pageLoad: 300000, script: 30000}, unhandledPromptBehavior: dismiss and notify, webauthn:extension:credBlob: true, webauthn:extension:largeBlob: true, webauthn:virtualAuthenticators: true}
Session ID: 9dc023e7e62737bb0aa91c008039476c" type="org.openqa.selenium.TimeoutException">
      <![CDATA[org.openqa.selenium.TimeoutException: Expected condition failed: waiting for visibility of [[ChromeDriver: chrome on WINDOWS (9dc023e7e62737bb0aa91c008039476c)] -> xpath: //a[.='Sign Out']] (tried for 20 second(s) with 500 milliseconds interval)
Build info: version: '3.141.59', revision: 'e82be7d358', time: '2018-11-14T08:17:03'
System info: host: 'IDEA-PC', ip: '192.168.43.101', os.name: 'Windows 8', os.arch: 'amd64', os.version: '6.2', java.version: '17.0.2'
Driver info: org.openqa.selenium.chrome.ChromeDriver
Capabilities {acceptInsecureCerts: false, browserName: chrome, browserVersion: 102.0.5005.63, chrome: {chromedriverVersion: 102.0.5005.61 (0e59bcc00cc4..., userDataDir: C:\Users\BHASKA~1\AppData\L...}, goog:chromeOptions: {debuggerAddress: localhost:58995}, javascriptEnabled: true, networkConnectionEnabled: false, pageLoadStrategy: normal, platform: WINDOWS, platformName: WINDOWS, proxy: Proxy(), setWindowRect: true, strictFileInteractability: false, timeouts: {implicit: 0, pageLoad: 300000, script: 30000}, unhandledPromptBehavior: dismiss and notify, webauthn:extension:credBlob: true, webauthn:extension:largeBlob: true, webauthn:virtualAuthenticators: true}
Session ID: 9dc023e7e62737bb0aa91c008039476c
at org.openqa.selenium.support.ui.WebDriverWait.timeoutException(WebDriverWait.java:95)
at org.openqa.selenium.support.ui.FluentWait.until(FluentWait.java:272)
at com.crm.comcast.GenericUtility.WebDriverUtility.explicitlyWaitForElement(WebDriverUtility.java:50)
at com.crm.comcast.Pom_Repo.HomePage.signout(HomePage.java:130)
at com.crm.comcast.GenericUtility.BaseAnnotaionConfigClass.logOutOfApplication(BaseAnnotaionConfigClass.java:108)
at jdk.internal.reflect.GeneratedMethodAccessor8.invoke(Unknown Source)
at java.base/jdk.internal.reflect.DelegatingMethodAccessorImpl.invoke(DelegatingMethodAccessorImpl.java:43)
at java.base/java.lang.reflect.Method.invoke(Method.java:568)
at org.testng.internal.MethodInvocationHelper.invokeMethod(MethodInvocationHelper.java:133)
at org.testng.internal.MethodInvocationHelper.invokeMethodConsideringTimeout(MethodInvocationHelper.java:62)
at org.testng.internal.ConfigInvoker.invokeConfigurationMethod(ConfigInvoker.java:385)
at org.testng.internal.ConfigInvoker.invokeConfigurations(ConfigInvoker.java:321)
at org.testng.internal.TestInvoker.runConfigMethods(TestInvoker.java:700)
at org.testng.internal.TestInvoker.runAfterGroupsConfigurations(TestInvoker.java:676)
at org.testng.internal.TestInvoker.invokeMethod(TestInvoker.java:660)
at org.testng.internal.TestInvoker.invokeTestMethod(TestInvoker.java:173)
at org.testng.internal.MethodRunner.runInSequence(MethodRunner.java:46)
at org.testng.internal.TestInvoker$MethodInvocationAgent.invoke(TestInvoker.java:824)
at org.testng.internal.TestInvoker.invokeTestMethods(TestInvoker.java:146)
at org.testng.internal.TestMethodWorker.invokeTestMethods(TestMethodWorker.java:146)
at org.testng.internal.TestMethodWorker.run(TestMethodWorker.java:128)
at java.base/java.util.ArrayList.forEach(ArrayList.java:1511)
at org.testng.TestRunner.privateRun(TestRunner.java:794)
at org.testng.TestRunner.run(TestRunner.java:596)
at org.testng.SuiteRunner.runTest(SuiteRunner.java:377)
at org.testng.SuiteRunner.runSequentially(SuiteRunner.java:371)
at org.testng.SuiteRunner.privateRun(SuiteRunner.java:332)
at org.testng.SuiteRunner.run(SuiteRunner.java:276)
at org.testng.SuiteRunnerWorker.runSuite(SuiteRunnerWorker.java:53)
at org.testng.SuiteRunnerWorker.run(SuiteRunnerWorker.java:96)
at org.testng.TestNG.runSuitesSequentially(TestNG.java:1212)
at org.testng.TestNG.runSuitesLocally(TestNG.java:1134)
at org.testng.TestNG.runSuites(TestNG.java:1063)
at org.testng.TestNG.run(TestNG.java:1031)
at org.testng.remote.AbstractRemoteTestNG.run(AbstractRemoteTestNG.java:115)
at org.testng.remote.RemoteTestNG.initAndRun(RemoteTestNG.java:251)
at org.testng.remote.RemoteTestNG.main(RemoteTestNG.java:77)
]]>
    </error>
  </testcase> <!-- logOutOfApplication -->
  <system-out/>
  <testcase classname="com.crm.comcast.ContactTest.test.CreatingContactTest" name="deleteContactTest" time="0.000">
    <skipped/>
  </testcase> <!-- deleteContactTest -->
  <system-out/>
  <testcase classname="com.crm.comcast.ContactTest.test.CreatingContactTest" name="contactEditTest" time="20.790"/>
  <system-out/>
  <testcase classname="com.crm.comcast.ContactTest.test.CreatingContactTest" name="createContactInSupportGroupTest" time="0.000">
    <skipped/>
  </testcase> <!-- createContactInSupportGroupTest -->
  <system-out/>
</testsuite> <!-- com.crm.comcast.ContactTest.test.CreatingContactTest -->
